Using pre-set license
Built from '2021.1/staging' branch; Version is '2021.1.28f1 (f3f9dc10f3dd) revision 15989212'; Using compiler version '192528614'; Build Type 'Release'
OS: 'Windows 10 Home; OS build 19044.2846; Version 2009; 64bit' Language: 'en' Physical Memory: 16287 MB
BatchMode: 1, IsHumanControllingUs: 0, StartBugReporterOnCrash: 0, Is64bit: 1, IsPro: 0

COMMAND LINE ARGUMENTS:
C:\Users\csmol\Documents\Unity\2021.1.28f1\Editor\Unity.exe
-adb2
-batchMode
-noUpm
-name
AssetImportWorker0
-projectPath
C:/Users/csmol/Documents/Git Projects/RayTracing/Ray Tracing
-logFile
Logs/AssetImportWorker0.log
-srvPort
64054
Successfully changed project path to: C:/Users/csmol/Documents/Git Projects/RayTracing/Ray Tracing
C:/Users/csmol/Documents/Git Projects/RayTracing/Ray Tracing
Using Asset Import Pipeline V2.
Refreshing native plugins compatible for Editor in 64.40 ms, found 3 plugins.
Preloading 0 native plugins for Editor in 0.00 ms.
Initialize engine version: 2021.1.28f1 (f3f9dc10f3dd)
[Subsystems] Discovering subsystems at path C:/Users/csmol/Documents/Unity/2021.1.28f1/Editor/Data/Resources/UnitySubsystems
[Subsystems] Discovering subsystems at path C:/Users/csmol/Documents/Git Projects/RayTracing/Ray Tracing/Assets
GfxDevice: creating device client; threaded=0; jobified=0
Direct3D:
    Version:  Direct3D 11.0 [level 11.1]
    Renderer: NVIDIA GeForce RTX 3070 Ti (ID=0x2482)
    Vendor:   NVIDIA
    VRAM:     8041 MB
    Driver:   31.0.15.1694
Initialize mono
Mono path[0] = 'C:/Users/csmol/Documents/Unity/2021.1.28f1/Editor/Data/Managed'
Mono path[1] = 'C:/Users/csmol/Documents/Unity/2021.1.28f1/Editor/Data/MonoBleedingEdge/lib/mono/unityjit'
Mono config path = 'C:/Users/csmol/Documents/Unity/2021.1.28f1/Editor/Data/MonoBleedingEdge/etc'
Using monoOptions --debugger-agent=transport=dt_socket,embedding=1,server=y,suspend=n,address=127.0.0.1:56192
Begin MonoManager ReloadAssembly
Registering precompiled unity dll's ...
Register platform support module: C:/Users/csmol/Documents/Unity/2021.1.28f1/Editor/Data/PlaybackEngines/WindowsStandaloneSupport/UnityEditor.WindowsStandalone.Extensions.dll
Registered in 0.001328 seconds.
Native extension for WindowsStandalone target not found
Refreshing native plugins compatible for Editor in 57.88 ms, found 3 plugins.
Preloading 0 native plugins for Editor in 0.00 ms.
Mono: successfully reloaded assembly
- Completed reload, in  0.946 seconds
Domain Reload Profiling:
	ReloadAssembly (946ms)
		BeginReloadAssembly (48ms)
			ExecutionOrderSort (0ms)
			DisableScriptedObjects (0ms)
			BackupInstance (0ms)
			ReleaseScriptingObjects (0ms)
			CreateAndSetChildDomain (1ms)
		EndReloadAssembly (361ms)
			LoadAssemblies (47ms)
			RebuildTransferFunctionScriptingTraits (0ms)
			SetupTypeCache (126ms)
			ReleaseScriptCaches (0ms)
			RebuildScriptCaches (23ms)
			SetupLoadedEditorAssemblies (177ms)
				LogAssemblyErrors (0ms)
				InitializePlatformSupportModulesInManaged (5ms)
				SetLoadedEditorAssemblies (0ms)
				RefreshPlugins (58ms)
				BeforeProcessingInitializeOnLoad (1ms)
				ProcessInitializeOnLoadAttributes (92ms)
				ProcessInitializeOnLoadMethodAttributes (21ms)
				AfterProcessingInitializeOnLoad (0ms)
				EditorAssembliesLoaded (0ms)
			ExecutionOrderSort2 (0ms)
			AwakeInstancesAfterBackupRestoration (0ms)
Platform modules already initialized, skipping
Registering precompiled user dll's ...
Registered in 0.004438 seconds.
Begin MonoManager ReloadAssembly
Symbol file LoadedFromMemory doesn't match image C:\Users\csmol\Documents\Git Projects\RayTracing\Ray Tracing\Library\PackageCache\com.unity.visualscripting@1.6.1\Editor\VisualScripting.Core\Dependencies\YamlDotNet\Unity.VisualScripting.YamlDotNet.dll
Symbol file LoadedFromMemory doesn't match image C:\Users\csmol\Documents\Git Projects\RayTracing\Ray Tracing\Library\PackageCache\com.unity.visualscripting@1.6.1\Editor\VisualScripting.Core\Dependencies\DotNetZip\Unity.VisualScripting.IonicZip.dll
Native extension for WindowsStandalone target not found
Refreshing native plugins compatible for Editor in 0.64 ms, found 3 plugins.
Preloading 0 native plugins for Editor in 0.00 ms.
Mono: successfully reloaded assembly
- Completed reload, in  0.764 seconds
Domain Reload Profiling:
	ReloadAssembly (765ms)
		BeginReloadAssembly (106ms)
			ExecutionOrderSort (0ms)
			DisableScriptedObjects (3ms)
			BackupInstance (0ms)
			ReleaseScriptingObjects (0ms)
			CreateAndSetChildDomain (17ms)
		EndReloadAssembly (618ms)
			LoadAssemblies (69ms)
			RebuildTransferFunctionScriptingTraits (0ms)
			SetupTypeCache (224ms)
			ReleaseScriptCaches (0ms)
			RebuildScriptCaches (37ms)
			SetupLoadedEditorAssemblies (234ms)
				LogAssemblyErrors (0ms)
				InitializePlatformSupportModulesInManaged (4ms)
				SetLoadedEditorAssemblies (0ms)
				RefreshPlugins (1ms)
				BeforeProcessingInitializeOnLoad (53ms)
				ProcessInitializeOnLoadAttributes (164ms)
				ProcessInitializeOnLoadMethodAttributes (7ms)
				AfterProcessingInitializeOnLoad (5ms)
				EditorAssembliesLoaded (0ms)
			ExecutionOrderSort2 (0ms)
			AwakeInstancesAfterBackupRestoration (5ms)
Platform modules already initialized, skipping
========================================================================
Worker process is ready to serve import requests
Launched and connected shader compiler UnityShaderCompiler.exe after 0.03 seconds
Refreshing native plugins compatible for Editor in 0.63 ms, found 3 plugins.
Preloading 0 native plugins for Editor in 0.00 ms.
Unloading 3045 Unused Serialized files (Serialized files now loaded: 0)
System memory in use before: 108.3 MB.
System memory in use after: 108.5 MB.

Unloading 23 unused Assets to reduce memory usage. Loaded Objects now: 3489.
Total: 2.457700 ms (FindLiveObjects: 0.190800 ms CreateObjectMapping: 0.077900 ms MarkObjects: 2.142300 ms  DeleteObjects: 0.046200 ms)

AssetImportParameters requested are different than current active one (requested -> active):
  custom:framework-win-MediaFoundation: 216162199b28c13a410421893ffa2e32 -> 
  custom:video-decoder-ogg-theora: a1e56fd34408186e4bbccfd4996cb3dc -> 
  custom:container-muxer-webm: aa71ff27fc2769a1b78a27578f13a17b -> 
  custom:container-demuxer-webm: 4f35f7cbe854078d1ac9338744f61a02 -> 
  custom:container-demuxer-ogg: 62fdf1f143b41e24485cea50d1cbac27 -> 
  custom:video-encoder-webm-vp8: eb34c28f22e8b96e1ab97ce403110664 -> 
  custom:video-decoder-webm-vp8: 9c59270c3fd7afecdb556c50c9e8de78 -> 
  custom:audio-decoder-ogg-vorbis: bf7c407c2cedff20999df2af8eb42d56 -> 
  custom:audio-encoder-webm-vorbis: bf7c407c2cedff20999df2af8eb42d56 -> 
========================================================================
Received Import Request.
  path: Assets/Resources/Screenshots/Screenshot 6.jpg
  artifactKey: Guid(4d366a20ae668324cb3a82d1ce8d2b58) Importer(815301076,1909f56bfc062723c751e8b465ee728b)
Start importing Assets/Resources/Screenshots/Screenshot 6.jpg using Guid(4d366a20ae668324cb3a82d1ce8d2b58) Importer(815301076,1909f56bfc062723c751e8b465ee728b)  -> (artifact id: '4c13ecba2174422ecdef120c163b8065') in 0.056063 seconds 
========================================================================
Received Import Request.
  Time since last request: 5.064944 seconds.
  path: Assets/Resources/Scripts/RayMarching.cs
  artifactKey: Guid(eba633bca70218f488bc70f4dda03aeb) Importer(815301076,1909f56bfc062723c751e8b465ee728b)
Start importing Assets/Resources/Scripts/RayMarching.cs using Guid(eba633bca70218f488bc70f4dda03aeb) Importer(815301076,1909f56bfc062723c751e8b465ee728b)  -> (artifact id: '2527702167985a3c093be31401148265') in 0.010139 seconds 
========================================================================
Received Import Request.
  Time since last request: 234.710618 seconds.
  path: Assets/Resources/Scripts/RayMarching.cs
  artifactKey: Guid(eba633bca70218f488bc70f4dda03aeb) Importer(815301076,1909f56bfc062723c751e8b465ee728b)
Start importing Assets/Resources/Scripts/RayMarching.cs using Guid(eba633bca70218f488bc70f4dda03aeb) Importer(815301076,1909f56bfc062723c751e8b465ee728b)  -> (artifact id: '9be81a880de5b8dc431402c22e261b29') in 0.001729 seconds 
========================================================================
Received Prepare
Registering precompiled user dll's ...
Registered in 0.004192 seconds.
Begin MonoManager ReloadAssembly
Symbol file LoadedFromMemory doesn't match image C:\Users\csmol\Documents\Git Projects\RayTracing\Ray Tracing\Library\PackageCache\com.unity.visualscripting@1.6.1\Editor\VisualScripting.Core\Dependencies\YamlDotNet\Unity.VisualScripting.YamlDotNet.dll
Symbol file LoadedFromMemory doesn't match image C:\Users\csmol\Documents\Git Projects\RayTracing\Ray Tracing\Library\PackageCache\com.unity.visualscripting@1.6.1\Editor\VisualScripting.Core\Dependencies\DotNetZip\Unity.VisualScripting.IonicZip.dll
Native extension for WindowsStandalone target not found
Refreshing native plugins compatible for Editor in 0.65 ms, found 3 plugins.
Preloading 0 native plugins for Editor in 0.00 ms.
Mono: successfully reloaded assembly
- Completed reload, in  0.861 seconds
Domain Reload Profiling:
	ReloadAssembly (861ms)
		BeginReloadAssembly (117ms)
			ExecutionOrderSort (0ms)
			DisableScriptedObjects (3ms)
			BackupInstance (0ms)
			ReleaseScriptingObjects (0ms)
			CreateAndSetChildDomain (36ms)
		EndReloadAssembly (696ms)
			LoadAssemblies (78ms)
			RebuildTransferFunctionScriptingTraits (0ms)
			SetupTypeCache (264ms)
			ReleaseScriptCaches (1ms)
			RebuildScriptCaches (33ms)
			SetupLoadedEditorAssemblies (252ms)
				LogAssemblyErrors (0ms)
				InitializePlatformSupportModulesInManaged (4ms)
				SetLoadedEditorAssemblies (0ms)
				RefreshPlugins (1ms)
				BeforeProcessingInitializeOnLoad (49ms)
				ProcessInitializeOnLoadAttributes (185ms)
				ProcessInitializeOnLoadMethodAttributes (8ms)
				AfterProcessingInitializeOnLoad (6ms)
				EditorAssembliesLoaded (0ms)
			ExecutionOrderSort2 (0ms)
			AwakeInstancesAfterBackupRestoration (11ms)
Platform modules already initialized, skipping
Refreshing native plugins compatible for Editor in 0.61 ms, found 3 plugins.
Preloading 0 native plugins for Editor in 0.00 ms.
Unloading 3039 Unused Serialized files (Serialized files now loaded: 0)
System memory in use before: 109.9 MB.
System memory in use after: 110.2 MB.

Unloading 18 unused Assets to reduce memory usage. Loaded Objects now: 3508.
Total: 2.495800 ms (FindLiveObjects: 0.276400 ms CreateObjectMapping: 0.065700 ms MarkObjects: 2.134800 ms  DeleteObjects: 0.018100 ms)

AssetImportParameters requested are different than current active one (requested -> active):
  custom:framework-win-MediaFoundation: 216162199b28c13a410421893ffa2e32 -> 
  custom:video-decoder-ogg-theora: a1e56fd34408186e4bbccfd4996cb3dc -> 
  custom:container-muxer-webm: aa71ff27fc2769a1b78a27578f13a17b -> 
  custom:container-demuxer-webm: 4f35f7cbe854078d1ac9338744f61a02 -> 
  custom:container-demuxer-ogg: 62fdf1f143b41e24485cea50d1cbac27 -> 
  custom:video-encoder-webm-vp8: eb34c28f22e8b96e1ab97ce403110664 -> 
  custom:video-decoder-webm-vp8: 9c59270c3fd7afecdb556c50c9e8de78 -> 
  custom:audio-decoder-ogg-vorbis: bf7c407c2cedff20999df2af8eb42d56 -> 
  custom:audio-encoder-webm-vorbis: bf7c407c2cedff20999df2af8eb42d56 -> 
========================================================================
Received Import Request.
  Time since last request: 299.305086 seconds.
  path: Assets/Resources/Textures/RingTexture.jpg
  artifactKey: Guid(249f7d65829c7d141b14b68051fdcbb3) Importer(815301076,1909f56bfc062723c751e8b465ee728b)
Start importing Assets/Resources/Textures/RingTexture.jpg using Guid(249f7d65829c7d141b14b68051fdcbb3) Importer(815301076,1909f56bfc062723c751e8b465ee728b)  -> (artifact id: '1115bcc066af1b83d42e4f3a290168b4') in 0.036956 seconds 
========================================================================
Received Import Request.
  Time since last request: 0.000113 seconds.
  path: Assets/Resources/Textures/PlanetTexture.jpg
  artifactKey: Guid(6b8e49ede125616429bba15fa5b3be90) Importer(815301076,1909f56bfc062723c751e8b465ee728b)
Start importing Assets/Resources/Textures/PlanetTexture.jpg using Guid(6b8e49ede125616429bba15fa5b3be90) Importer(815301076,1909f56bfc062723c751e8b465ee728b)  -> (artifact id: 'f0b8fa707ae613f8a8d68a7895f2fe47') in 0.009549 seconds 
========================================================================
Received Import Request.
  Time since last request: 9.379935 seconds.
  path: Assets/Resources/Textures/TexturesCom_Rock_Asteroid_1K_normal.jpg
  artifactKey: Guid(c1b0f5d288f5ee0439887c01d2d370e7) Importer(815301076,1909f56bfc062723c751e8b465ee728b)
Start importing Assets/Resources/Textures/TexturesCom_Rock_Asteroid_1K_normal.jpg using Guid(c1b0f5d288f5ee0439887c01d2d370e7) Importer(815301076,1909f56bfc062723c751e8b465ee728b)  -> (artifact id: 'e778216312979db11e8c14aef54c7d57') in 0.009576 seconds 
========================================================================
Received Import Request.
  Time since last request: 9.474384 seconds.
  path: Assets/Resources/Textures/RingNormalTexture.jpg
  artifactKey: Guid(c1b0f5d288f5ee0439887c01d2d370e7) Importer(815301076,1909f56bfc062723c751e8b465ee728b)
Start importing Assets/Resources/Textures/RingNormalTexture.jpg using Guid(c1b0f5d288f5ee0439887c01d2d370e7) Importer(815301076,1909f56bfc062723c751e8b465ee728b)  -> (artifact id: '8006020ab4952ac14d814f2087d52d49') in 0.009046 seconds 
========================================================================
Received Import Request.
  Time since last request: 21.725472 seconds.
  path: Assets/Resources/Textures/TexturesCom_Coral_PlatygyraContorta_1K_normal.jpg
  artifactKey: Guid(4d24cd9fb8f093c40b21839f482d60ef) Importer(815301076,1909f56bfc062723c751e8b465ee728b)
Start importing Assets/Resources/Textures/TexturesCom_Coral_PlatygyraContorta_1K_normal.jpg using Guid(4d24cd9fb8f093c40b21839f482d60ef) Importer(815301076,1909f56bfc062723c751e8b465ee728b)  -> (artifact id: '2fbb332254b6c463abb08ec1f07e170d') in 0.009035 seconds 
========================================================================
Received Import Request.
  Time since last request: 11.061219 seconds.
  path: Assets/Resources/Textures/PlanetNormalTexture.jpg
  artifactKey: Guid(4d24cd9fb8f093c40b21839f482d60ef) Importer(815301076,1909f56bfc062723c751e8b465ee728b)
Start importing Assets/Resources/Textures/PlanetNormalTexture.jpg using Guid(4d24cd9fb8f093c40b21839f482d60ef) Importer(815301076,1909f56bfc062723c751e8b465ee728b)  -> (artifact id: 'dddf14ca14796adf9edfcb7e23867acf') in 0.009437 seconds 
========================================================================
Received Prepare
Registering precompiled user dll's ...
Registered in 0.004177 seconds.
Begin MonoManager ReloadAssembly
Symbol file LoadedFromMemory doesn't match image C:\Users\csmol\Documents\Git Projects\RayTracing\Ray Tracing\Library\PackageCache\com.unity.visualscripting@1.6.1\Editor\VisualScripting.Core\Dependencies\YamlDotNet\Unity.VisualScripting.YamlDotNet.dll
Symbol file LoadedFromMemory doesn't match image C:\Users\csmol\Documents\Git Projects\RayTracing\Ray Tracing\Library\PackageCache\com.unity.visualscripting@1.6.1\Editor\VisualScripting.Core\Dependencies\DotNetZip\Unity.VisualScripting.IonicZip.dll
Native extension for WindowsStandalone target not found
Refreshing native plugins compatible for Editor in 0.68 ms, found 3 plugins.
Preloading 0 native plugins for Editor in 0.00 ms.
Mono: successfully reloaded assembly
- Completed reload, in  0.708 seconds
Domain Reload Profiling:
	ReloadAssembly (709ms)
		BeginReloadAssembly (95ms)
			ExecutionOrderSort (0ms)
			DisableScriptedObjects (5ms)
			BackupInstance (0ms)
			ReleaseScriptingObjects (0ms)
			CreateAndSetChildDomain (31ms)
		EndReloadAssembly (574ms)
			LoadAssemblies (65ms)
			RebuildTransferFunctionScriptingTraits (0ms)
			SetupTypeCache (209ms)
			ReleaseScriptCaches (1ms)
			RebuildScriptCaches (30ms)
			SetupLoadedEditorAssemblies (205ms)
				LogAssemblyErrors (0ms)
				InitializePlatformSupportModulesInManaged (4ms)
				SetLoadedEditorAssemblies (0ms)
				RefreshPlugins (1ms)
				BeforeProcessingInitializeOnLoad (40ms)
				ProcessInitializeOnLoadAttributes (150ms)
				ProcessInitializeOnLoadMethodAttributes (6ms)
				AfterProcessingInitializeOnLoad (5ms)
				EditorAssembliesLoaded (0ms)
			ExecutionOrderSort2 (0ms)
			AwakeInstancesAfterBackupRestoration (9ms)
Platform modules already initialized, skipping
Refreshing native plugins compatible for Editor in 0.48 ms, found 3 plugins.
Preloading 0 native plugins for Editor in 0.00 ms.
Unloading 3042 Unused Serialized files (Serialized files now loaded: 0)
System memory in use before: 115.1 MB.
System memory in use after: 115.4 MB.

Unloading 18 unused Assets to reduce memory usage. Loaded Objects now: 3599.
Total: 2.446800 ms (FindLiveObjects: 0.203300 ms CreateObjectMapping: 0.076100 ms MarkObjects: 2.149000 ms  DeleteObjects: 0.017900 ms)

AssetImportParameters requested are different than current active one (requested -> active):
  custom:framework-win-MediaFoundation: 216162199b28c13a410421893ffa2e32 -> 
  custom:video-decoder-ogg-theora: a1e56fd34408186e4bbccfd4996cb3dc -> 
  custom:container-muxer-webm: aa71ff27fc2769a1b78a27578f13a17b -> 
  custom:container-demuxer-webm: 4f35f7cbe854078d1ac9338744f61a02 -> 
  custom:container-demuxer-ogg: 62fdf1f143b41e24485cea50d1cbac27 -> 
  custom:video-encoder-webm-vp8: eb34c28f22e8b96e1ab97ce403110664 -> 
  custom:video-decoder-webm-vp8: 9c59270c3fd7afecdb556c50c9e8de78 -> 
  custom:audio-decoder-ogg-vorbis: bf7c407c2cedff20999df2af8eb42d56 -> 
  custom:audio-encoder-webm-vorbis: bf7c407c2cedff20999df2af8eb42d56 -> 
========================================================================
Received Import Request.
  Time since last request: 42.563153 seconds.
  path: Assets/Resources/Shaders/RayMarchingShader.compute
  artifactKey: Guid(d8ea1fda879bd8043bec64caa9e22a23) Importer(815301076,1909f56bfc062723c751e8b465ee728b)
Start importing Assets/Resources/Shaders/RayMarchingShader.compute using Guid(d8ea1fda879bd8043bec64caa9e22a23) Importer(815301076,1909f56bfc062723c751e8b465ee728b)  -> (artifact id: '4a04392b56b85e8be75a4c522751c3b4') in 0.016155 seconds 
========================================================================
Received Import Request.
  Time since last request: 29.782812 seconds.
  path: Assets/Resources/Shaders/RayMarchingShader.compute
  artifactKey: Guid(d8ea1fda879bd8043bec64caa9e22a23) Importer(815301076,1909f56bfc062723c751e8b465ee728b)
Start importing Assets/Resources/Shaders/RayMarchingShader.compute using Guid(d8ea1fda879bd8043bec64caa9e22a23) Importer(815301076,1909f56bfc062723c751e8b465ee728b)  -> (artifact id: 'f00ceebcf7f675e9731b3a6e95cd4da6') in 0.003105 seconds 
========================================================================
Received Import Request.
  Time since last request: 9.763472 seconds.
  path: Assets/Resources/Shaders/RayMarchingShader.compute
  artifactKey: Guid(d8ea1fda879bd8043bec64caa9e22a23) Importer(815301076,1909f56bfc062723c751e8b465ee728b)
Start importing Assets/Resources/Shaders/RayMarchingShader.compute using Guid(d8ea1fda879bd8043bec64caa9e22a23) Importer(815301076,1909f56bfc062723c751e8b465ee728b)  -> (artifact id: '5ff45659d4d0800612eb458389398459') in 0.002966 seconds 
========================================================================
Received Prepare
Registering precompiled user dll's ...
Registered in 0.004021 seconds.
Begin MonoManager ReloadAssembly
Symbol file LoadedFromMemory doesn't match image C:\Users\csmol\Documents\Git Projects\RayTracing\Ray Tracing\Library\PackageCache\com.unity.visualscripting@1.6.1\Editor\VisualScripting.Core\Dependencies\YamlDotNet\Unity.VisualScripting.YamlDotNet.dll
Symbol file LoadedFromMemory doesn't match image C:\Users\csmol\Documents\Git Projects\RayTracing\Ray Tracing\Library\PackageCache\com.unity.visualscripting@1.6.1\Editor\VisualScripting.Core\Dependencies\DotNetZip\Unity.VisualScripting.IonicZip.dll
Native extension for WindowsStandalone target not found
Refreshing native plugins compatible for Editor in 0.65 ms, found 3 plugins.
Preloading 0 native plugins for Editor in 0.00 ms.
Mono: successfully reloaded assembly
- Completed reload, in  0.716 seconds
Domain Reload Profiling:
	ReloadAssembly (716ms)
		BeginReloadAssembly (102ms)
			ExecutionOrderSort (0ms)
			DisableScriptedObjects (4ms)
			BackupInstance (0ms)
			ReleaseScriptingObjects (0ms)
			CreateAndSetChildDomain (30ms)
		EndReloadAssembly (574ms)
			LoadAssemblies (66ms)
			RebuildTransferFunctionScriptingTraits (0ms)
			SetupTypeCache (212ms)
			ReleaseScriptCaches (1ms)
			RebuildScriptCaches (31ms)
			SetupLoadedEditorAssemblies (206ms)
				LogAssemblyErrors (0ms)
				InitializePlatformSupportModulesInManaged (4ms)
				SetLoadedEditorAssemblies (0ms)
				RefreshPlugins (1ms)
				BeforeProcessingInitializeOnLoad (41ms)
				ProcessInitializeOnLoadAttributes (150ms)
				ProcessInitializeOnLoadMethodAttributes (6ms)
				AfterProcessingInitializeOnLoad (5ms)
				EditorAssembliesLoaded (0ms)
			ExecutionOrderSort2 (0ms)
			AwakeInstancesAfterBackupRestoration (9ms)
Platform modules already initialized, skipping
Refreshing native plugins compatible for Editor in 0.49 ms, found 3 plugins.
Preloading 0 native plugins for Editor in 0.00 ms.
Unloading 3038 Unused Serialized files (Serialized files now loaded: 0)
System memory in use before: 115.1 MB.
System memory in use after: 115.3 MB.

Unloading 18 unused Assets to reduce memory usage. Loaded Objects now: 3601.
Total: 2.427600 ms (FindLiveObjects: 0.187400 ms CreateObjectMapping: 0.078200 ms MarkObjects: 2.148700 ms  DeleteObjects: 0.012700 ms)

AssetImportParameters requested are different than current active one (requested -> active):
  custom:framework-win-MediaFoundation: 216162199b28c13a410421893ffa2e32 -> 
  custom:video-decoder-ogg-theora: a1e56fd34408186e4bbccfd4996cb3dc -> 
  custom:container-muxer-webm: aa71ff27fc2769a1b78a27578f13a17b -> 
  custom:container-demuxer-webm: 4f35f7cbe854078d1ac9338744f61a02 -> 
  custom:container-demuxer-ogg: 62fdf1f143b41e24485cea50d1cbac27 -> 
  custom:video-encoder-webm-vp8: eb34c28f22e8b96e1ab97ce403110664 -> 
  custom:video-decoder-webm-vp8: 9c59270c3fd7afecdb556c50c9e8de78 -> 
  custom:audio-decoder-ogg-vorbis: bf7c407c2cedff20999df2af8eb42d56 -> 
  custom:audio-encoder-webm-vorbis: bf7c407c2cedff20999df2af8eb42d56 -> 
========================================================================
Received Import Request.
  Time since last request: 58.855087 seconds.
  path: Assets/Resources/Screenshots/Screenshot 7.jpg
  artifactKey: Guid(a39cf8a7b63da824e881ae384b34163c) Importer(815301076,1909f56bfc062723c751e8b465ee728b)
Start importing Assets/Resources/Screenshots/Screenshot 7.jpg using Guid(a39cf8a7b63da824e881ae384b34163c) Importer(815301076,1909f56bfc062723c751e8b465ee728b)  -> (artifact id: '5c7062a4a81d8cf8f0aabb95eaf0adf0') in 0.028798 seconds 
AssetImportWorkerClient::OnTransportError - code=2 error=End of file
